Removed Pin From Net: NetName=NetC3_1 Pin=Q1-3
Removed Pin From Net: NetName=NetC16_1 Pin=Q5-3
Removed Pin From Net: NetName=NetC30_1 Pin=Q8-3
Removed Pin From Net: NetName=NetC43_1 Pin=Q12-3
Removed Pin From Net: NetName=GND Pin=R8-1
Removed Pin From Net: NetName=GND Pin=R22-1
Removed Pin From Net: NetName=GND Pin=R35-1
Removed Pin From Net: NetName=GND Pin=R48-1
Removed Member From Class: ClassName=Sheet1 Member=Q1
Removed Member From Class: ClassName=Sheet1 Member=Q5
Removed Member From Class: ClassName=Sheet1 Member=Q8
Removed Member From Class: ClassName=Sheet1 Member=Q12
Removed Member From Class: ClassName=Sheet1 Member=R4
Removed Member From Class: ClassName=Sheet1 Member=R8
Removed Member From Class: ClassName=Sheet1 Member=R18
Removed Member From Class: ClassName=Sheet1 Member=R22
Removed Member From Class: ClassName=Sheet1 Member=R31
Removed Member From Class: ClassName=Sheet1 Member=R35
Removed Member From Class: ClassName=Sheet1 Member=R44
Removed Member From Class: ClassName=Sheet1 Member=R48
Change Component Footprint: Designator=R21 Old Footprint=FP-RC0402-0_4-MFG New Footprint=FP-RC0402-0_4-MFG
Change Component Footprint: Designator=R23 Old Footprint=FP-RC0402-0_4-MFG New Footprint=FP-RC0402-0_4-MFG
Change Component Footprint: Designator=R24 Old Footprint=FP-RC0402-0_4-MFG New Footprint=FP-RC0402-0_4-MFG
Change Component Footprint: Designator=R25 Old Footprint=FP-RC0402-0_4-MFG New Footprint=FP-RC0402-0_4-MFG
Change Component Footprint: Designator=R29 Old Footprint=FP-RC0402-0_4-MFG New Footprint=FP-RC0402-0_4-MFG
Change Component Footprint: Designator=R30 Old Footprint=FP-RC0402-0_4-MFG New Footprint=FP-RC0402-0_4-MFG
Change Component Footprint: Designator=R34 Old Footprint=FP-RC0402-0_4-MFG New Footprint=FP-RC0402-0_4-MFG
Change Component Footprint: Designator=R36 Old Footprint=FP-RC0402-0_4-MFG New Footprint=FP-RC0402-0_4-MFG
Change Component Footprint: Designator=R37 Old Footprint=FP-RC0402-0_4-MFG New Footprint=FP-RC0402-0_4-MFG
Change Component Footprint: Designator=R38 Old Footprint=FP-RC0402-0_4-MFG New Footprint=FP-RC0402-0_4-MFG
Change Component Footprint: Designator=R42 Old Footprint=FP-RC0402-0_4-MFG New Footprint=FP-RC0402-0_4-MFG
Change Component Footprint: Designator=R43 Old Footprint=FP-RC0402-0_4-MFG New Footprint=FP-RC0402-0_4-MFG
Change Component Footprint: Designator=R47 Old Footprint=FP-RC0402-0_4-MFG New Footprint=FP-RC0402-0_4-MFG
Change Component Footprint: Designator=R49 Old Footprint=FP-RC0402-0_4-MFG New Footprint=FP-RC0402-0_4-MFG
Change Component Footprint: Designator=R50 Old Footprint=FP-RC0402-0_4-MFG New Footprint=FP-RC0402-0_4-MFG
Change Component Footprint: Designator=R51 Old Footprint=FP-RC0402-0_4-MFG New Footprint=FP-RC0402-0_4-MFG
Change Component Footprint: Designator=L2 Old Footprint=WE-SPC_4838 New Footprint=WE-SPC_4838
Change Component Footprint: Designator=L3 Old Footprint=WE-SPC_4838 New Footprint=WE-SPC_4838
Change Component Footprint: Designator=L4 Old Footprint=WE-SPC_4838 New Footprint=WE-SPC_4838
