Removed Pin From Net: NetName=IN-1 Pin=Q4-1
Removed Pin From Net: NetName=OpOut1 Pin=Q4-2
Removed Pin From Net: NetName=FB1 Pin=Q4-6
Removed Pin From Net: NetName=GND Pin=Q7-1
Removed Pin From Net: NetName=B2_En_BJT Pin=Q7-2
Removed Pin From Net: NetName=B2_SS_BJT Pin=Q7-6
Removed Pin From Net: NetName=IN-3 Pin=Q11-1
Removed Pin From Net: NetName=OpOut3 Pin=Q11-2
Removed Pin From Net: NetName=FB3 Pin=Q11-6
Removed Pin From Net: NetName=GND Pin=Q14-1
Removed Pin From Net: NetName=B4_En_BJT Pin=Q14-2
Removed Pin From Net: NetName=B4_SS_BJT Pin=Q14-6
Change Component Designator: OldDesignator=Q4 NewDesignator=Q7
Change Component Designator: OldDesignator=Q7 NewDesignator=Q4
Change Component Designator: OldDesignator=Q11 NewDesignator=Q14
Change Component Designator: OldDesignator=Q14 NewDesignator=Q11
Added Pin To Net: NetName=IN-1 Pin=Q4-1
Added Pin To Net: NetName=OpOut1 Pin=Q4-2
Added Pin To Net: NetName=FB1 Pin=Q4-6
Added Pin To Net: NetName=GND Pin=Q7-1
Added Pin To Net: NetName=B2_En_BJT Pin=Q7-2
Added Pin To Net: NetName=B2_SS_BJT Pin=Q7-6
Added Pin To Net: NetName=IN-3 Pin=Q11-1
Added Pin To Net: NetName=OpOut3 Pin=Q11-2
Added Pin To Net: NetName=FB3 Pin=Q11-6
Added Pin To Net: NetName=GND Pin=Q14-1
Added Pin To Net: NetName=B4_En_BJT Pin=Q14-2
Added Pin To Net: NetName=B4_SS_BJT Pin=Q14-6
